<?xml version="1.0" encoding="UTF-8"?>
<!-- Generated by org.testng.reporters.JUnitReportReporter -->
<testsuite hostname="admin-PC" failures="0" tests="3" name="APIs.newapi" time="4.306" errors="0" timestamp="2024-09-18T19:33:39 IST" skipped="0">
  <testcase classname="APIs.newapi" name="createbook" time="3.948"/>
  <testcase classname="APIs.newapi" name="createbook" time="0.204"/>
  <testcase classname="APIs.newapi" name="createbook" time="0.154"/>
</testsuite> <!-- APIs.newapi -->
