<?xml version="1.0" encoding="UTF-8"?>
<!-- Generated by org.testng.reporters.JUnitReportReporter -->
<testsuite hostname="admin-PC" failures="0" tests="1" name="APIs.SumValidation" time="2.250" errors="0" timestamp="2024-09-18T14:53:21 IST" skipped="0">
  <testcase classname="APIs.SumValidation" name="validations" time="2.250"/>
</testsuite> <!-- APIs.SumValidation -->
